<?xml version="1.0" encoding="utf-8"?><testsuites name="pytest tests"><testsuite name="pytest" errors="0" failures="0" skipped="0" tests="27" time="5.880" timestamp="2026-05-22T19:15:16.179813+00:00" hostname="agent-env-dde40341-2161-4c33-bb16-bed55d336e37"><testcase classname="backend.tests.backend_test.TestApps" name="test_list_apps" time="0.218" /><testcase classname="backend.tests.backend_test.TestApps" name="test_filter_category" time="0.077" /><testcase classname="backend.tests.backend_test.TestApps" name="test_search_q" time="0.091" /><testcase classname="backend.tests.backend_test.TestApps" name="test_categories" time="0.089" /><testcase classname="backend.tests.backend_test.TestApps" name="test_app_detail_by_slug" time="0.159" /><testcase classname="backend.tests.backend_test.TestApps" name="test_app_404" time="0.136" /><testcase classname="backend.tests.backend_test.TestAuth" name="test_register_and_me" time="0.441" /><testcase classname="backend.tests.backend_test.TestAuth" name="test_register_duplicate" time="0.135" /><testcase classname="backend.tests.backend_test.TestAuth" name="test_login_producer" time="0.304" /><testcase classname="backend.tests.backend_test.TestAuth" name="test_login_invalid" time="0.298" /><testcase classname="backend.tests.backend_test.TestAuth" name="test_me_no_token" time="0.142" /><testcase classname="backend.tests.backend_test.TestAuth" name="test_logout" time="0.499" /><testcase classname="backend.tests.backend_test.TestFlows" name="test_my_apps_producer" time="0.164" /><testcase classname="backend.tests.backend_test.TestFlows" name="test_producer_stats" time="0.130" /><testcase classname="backend.tests.backend_test.TestFlows" name="test_create_affiliation_and_checkout_split" time="0.747" /><testcase classname="backend.tests.backend_test.TestFlows" name="test_my_affiliations" time="0.137" /><testcase classname="backend.tests.backend_test.TestFlows" name="test_my_commissions" time="0.133" /><testcase classname="backend.tests.backend_test.TestFlows" name="test_my_sales" time="0.124" /><testcase classname="backend.tests.backend_test.TestFlows" name="test_affiliate_stats" time="0.125" /><testcase classname="backend.tests.backend_test.TestExtras" name="test_add_review_and_recalc" time="0.423" /><testcase classname="backend.tests.backend_test.TestExtras" name="test_list_reviews" time="0.266" /><testcase classname="backend.tests.backend_test.TestExtras" name="test_wallet" time="0.146" /><testcase classname="backend.tests.backend_test.TestExtras" name="test_withdraw_invalid" time="0.122" /><testcase classname="backend.tests.backend_test.TestExtras" name="test_withdraw_ok" time="0.177" /><testcase classname="backend.tests.backend_test.TestExtras" name="test_materials" time="0.271" /><testcase classname="backend.tests.backend_test.TestExtras" name="test_notifications" time="0.136" /><testcase classname="backend.tests.backend_test.TestExtras" name="test_create_app" time="0.119" /></testsuite></testsuites>